<?xml version="1.0" encoding="UTF-8"?>
<testsuite xmlns:xsi="http://www.w3.org/2001/XMLSchema-instance" xsi:noNamespaceSchemaLocation="https://maven.apache.org/surefire/maven-surefire-plugin/xsd/surefire-test-report-3.0.xsd" version="3.0" name="example.micronaut.pact.provider.ProviderContractTest" time="2.125" tests="1" errors="1" skipped="0" failures="0">
  <properties>
    <property name="java.specification.version" value="21"/>
    <property name="sun.cpu.isalist" value="amd64"/>
    <property name="sun.jnu.encoding" value="Cp1252"/>
    <property name="java.class.path" value="C:\Users\rawat\IdeaProjects\creating-your-first-micronaut-app-maven-java\target\test-classes;C:\Users\rawat\IdeaProjects\creating-your-first-micronaut-app-maven-java\target\classes;C:\Users\rawat\.m2\repository\io\micronaut\micronaut-http-server-netty\4.0.6\micronaut-http-server-netty-4.0.6.jar;C:\Users\rawat\.m2\repository\org\slf4j\slf4j-api\2.0.7\slf4j-api-2.0.7.jar;C:\Users\rawat\.m2\repository\io\micronaut\micronaut-http-server\4.0.6\micronaut-http-server-4.0.6.jar;C:\Users\rawat\.m2\repository\io\micronaut\micronaut-http\4.0.6\micronaut-http-4.0.6.jar;C:\Users\rawat\.m2\repository\io\micronaut\micronaut-core-reactive\4.0.6\micronaut-core-reactive-4.0.6.jar;C:\Users\rawat\.m2\repository\io\micronaut\micronaut-context-propagation\4.0.6\micronaut-context-propagation-4.0.6.jar;C:\Users\rawat\.m2\repository\io\micronaut\micronaut-router\4.0.6\micronaut-router-4.0.6.jar;C:\Users\rawat\.m2\repository\io\micronaut\micronaut-core\4.0.6\micronaut-core-4.0.6.jar;C:\Users\rawat\.m2\repository\io\micronaut\micronaut-http-netty\4.0.6\micronaut-http-netty-4.0.6.jar;C:\Users\rawat\.m2\repository\io\micronaut\micronaut-buffer-netty\4.0.6\micronaut-buffer-netty-4.0.6.jar;C:\Users\rawat\.m2\repository\io\netty\netty-codec-http2\4.1.96.Final\netty-codec-http2-4.1.96.Final.jar;C:\Users\rawat\.m2\repository\io\netty\netty-handler\4.1.96.Final\netty-handler-4.1.96.Final.jar;C:\Users\rawat\.m2\repository\io\netty\netty-resolver\4.1.96.Final\netty-resolver-4.1.96.Final.jar;C:\Users\rawat\.m2\repository\io\netty\netty-transport-native-unix-common\4.1.96.Final\netty-transport-native-unix-common-4.1.96.Final.jar;C:\Users\rawat\.m2\repository\io\netty\netty-codec-http\4.1.96.Final\netty-codec-http-4.1.96.Final.jar;C:\Users\rawat\.m2\repository\io\netty\netty-common\4.1.96.Final\netty-common-4.1.96.Final.jar;C:\Users\rawat\.m2\repository\io\netty\netty-buffer\4.1.96.Final\netty-buffer-4.1.96.Final.jar;C:\Users\rawat\.m2\repository\io\netty\netty-transport\4.1.96.Final\netty-transport-4.1.96.Final.jar;C:\Users\rawat\.m2\repository\io\netty\netty-codec\4.1.96.Final\netty-codec-4.1.96.Final.jar;C:\Users\rawat\.m2\repository\io\projectreactor\reactor-core\3.5.9\reactor-core-3.5.9.jar;C:\Users\rawat\.m2\repository\org\reactivestreams\reactive-streams\1.0.4\reactive-streams-1.0.4.jar;C:\Users\rawat\.m2\repository\io\micronaut\serde\micronaut-serde-jackson\2.0.2\micronaut-serde-jackson-2.0.2.jar;C:\Users\rawat\.m2\repository\io\micronaut\micronaut-inject\4.0.6\micronaut-inject-4.0.6.jar;C:\Users\rawat\.m2\repository\jakarta\inject\jakarta.inject-api\2.0.1\jakarta.inject-api-2.0.1.jar;C:\Users\rawat\.m2\repository\jakarta\annotation\jakarta.annotation-api\2.1.1\jakarta.annotation-api-2.1.1.jar;C:\Users\rawat\.m2\repository\io\micronaut\micronaut-jackson-core\4.0.6\micronaut-jackson-core-4.0.6.jar;C:\Users\rawat\.m2\repository\io\micronaut\micronaut-json-core\4.0.6\micronaut-json-core-4.0.6.jar;C:\Users\rawat\.m2\repository\com\fasterxml\jackson\core\jackson-core\2.15.2\jackson-core-2.15.2.jar;C:\Users\rawat\.m2\repository\com\fasterxml\jackson\core\jackson-annotations\2.15.2\jackson-annotations-2.15.2.jar;C:\Users\rawat\.m2\repository\io\micronaut\micronaut-context\4.0.6\micronaut-context-4.0.6.jar;C:\Users\rawat\.m2\repository\io\micronaut\micronaut-aop\4.0.6\micronaut-aop-4.0.6.jar;C:\Users\rawat\.m2\repository\io\micronaut\serde\micronaut-serde-api\2.0.2\micronaut-serde-api-2.0.2.jar;C:\Users\rawat\.m2\repository\io\micronaut\serde\micronaut-serde-support\2.0.2\micronaut-serde-support-2.0.2.jar;C:\Users\rawat\.m2\repository\ch\qos\logback\logback-classic\1.4.8\logback-classic-1.4.8.jar;C:\Users\rawat\.m2\repository\ch\qos\logback\logback-core\1.4.8\logback-core-1.4.8.jar;C:\Users\rawat\.m2\repository\io\micronaut\micronaut-http-client\4.0.6\micronaut-http-client-4.0.6.jar;C:\Users\rawat\.m2\repository\io\micronaut\micronaut-http-client-core\4.0.6\micronaut-http-client-core-4.0.6.jar;C:\Users\rawat\.m2\repository\io\micronaut\micronaut-discovery-core\4.0.6\micronaut-discovery-core-4.0.6.jar;C:\Users\rawat\.m2\repository\io\micronaut\micronaut-websocket\4.0.6\micronaut-websocket-4.0.6.jar;C:\Users\rawat\.m2\repository\io\netty\netty-handler-proxy\4.1.96.Final\netty-handler-proxy-4.1.96.Final.jar;C:\Users\rawat\.m2\repository\io\netty\netty-codec-socks\4.1.96.Final\netty-codec-socks-4.1.96.Final.jar;C:\Users\rawat\.m2\repository\io\micronaut\test\micronaut-test-junit5\4.0.1\micronaut-test-junit5-4.0.1.jar;C:\Users\rawat\.m2\repository\io\micronaut\test\micronaut-test-core\4.0.1\micronaut-test-core-4.0.1.jar;C:\Users\rawat\.m2\repository\org\junit\jupiter\junit-jupiter-api\5.9.3\junit-jupiter-api-5.9.3.jar;C:\Users\rawat\.m2\repository\org\opentest4j\opentest4j\1.2.0\opentest4j-1.2.0.jar;C:\Users\rawat\.m2\repository\org\junit\platform\junit-platform-commons\1.9.3\junit-platform-commons-1.9.3.jar;C:\Users\rawat\.m2\repository\org\apiguardian\apiguardian-api\1.1.2\apiguardian-api-1.1.2.jar;C:\Users\rawat\.m2\repository\org\junit\jupiter\junit-jupiter-engine\5.9.3\junit-jupiter-engine-5.9.3.jar;C:\Users\rawat\.m2\repository\org\junit\platform\junit-platform-engine\1.9.3\junit-platform-engine-1.9.3.jar;C:\Users\rawat\.m2\repository\org\mockito\mockito-core\5.16.0\mockito-core-5.16.0.jar;C:\Users\rawat\.m2\repository\net\bytebuddy\byte-buddy\1.15.11\byte-buddy-1.15.11.jar;C:\Users\rawat\.m2\repository\net\bytebuddy\byte-buddy-agent\1.15.11\byte-buddy-agent-1.15.11.jar;C:\Users\rawat\.m2\repository\org\objenesis\objenesis\3.3\objenesis-3.3.jar;C:\Users\rawat\.m2\repository\org\mockito\mockito-junit-jupiter\5.7.0\mockito-junit-jupiter-5.7.0.jar;C:\Users\rawat\.m2\repository\org\mockito\mockito-inline\5.2.0\mockito-inline-5.2.0.jar;C:\Users\rawat\.m2\repository\au\com\dius\pact\consumer\junit5\4.6.6\junit5-4.6.6.jar;C:\Users\rawat\.m2\repository\au\com\dius\pact\consumer\4.6.6\consumer-4.6.6.jar;C:\Users\rawat\.m2\repository\au\com\dius\pact\core\matchers\4.6.6\matchers-4.6.6.jar;C:\Users\rawat\.m2\repository\io\github\java-diff-utils\java-diff-utils\4.12\java-diff-utils-4.12.jar;C:\Users\rawat\.m2\repository\org\atteo\evo-inflector\1.3\evo-inflector-1.3.jar;C:\Users\rawat\.m2\repository\com\github\zafarkhaja\java-semver\0.9.0\java-semver-0.9.0.jar;C:\Users\rawat\.m2\repository\org\apache\httpcomponents\client5\httpclient5\5.2.1\httpclient5-5.2.1.jar;C:\Users\rawat\.m2\repository\org\apache\httpcomponents\core5\httpcore5\5.2\httpcore5-5.2.jar;C:\Users\rawat\.m2\repository\org\apache\httpcomponents\core5\httpcore5-h2\5.2\httpcore5-h2-5.2.jar;C:\Users\rawat\.m2\repository\org\json\json\20230618\json-20230618.jar;C:\Users\rawat\.m2\repository\org\apache\httpcomponents\client5\httpclient5-fluent\5.2.1\httpclient5-fluent-5.2.1.jar;C:\Users\rawat\.m2\repository\com\googlecode\java-diff-utils\diffutils\1.3.0\diffutils-1.3.0.jar;C:\Users\rawat\.m2\repository\dk\brics\automaton\automaton\1.11-8\automaton-1.11-8.jar;C:\Users\rawat\.m2\repository\io\ktor\ktor-server-netty\2.3.2\ktor-server-netty-2.3.2.jar;C:\Users\rawat\.m2\repository\org\jetbrains\kotlinx\kotlinx-coroutines-core\1.7.3\kotlinx-coroutines-core-1.7.3.jar;C:\Users\rawat\.m2\repository\io\ktor\ktor-network-tls-certificates\2.3.2\ktor-network-tls-certificates-2.3.2.jar;C:\Users\rawat\.m2\repository\io\ktor\ktor-server-call-logging\2.3.2\ktor-server-call-logging-2.3.2.jar;C:\Users\rawat\.m2\repository\io\ktor\ktor-server-core\2.3.2\ktor-server-core-2.3.2.jar;C:\Users\rawat\.m2\repository\org\jetbrains\kotlinx\atomicfu\0.19.0\atomicfu-0.19.0.jar;C:\Users\rawat\.m2\repository\org\jetbrains\kotlinx\atomicfu-jvm\0.19.0\atomicfu-jvm-0.19.0.jar;C:\Users\rawat\.m2\repository\io\ktor\ktor-utils\2.3.2\ktor-utils-2.3.2.jar;C:\Users\rawat\.m2\repository\io\ktor\ktor-io\2.3.2\ktor-io-2.3.2.jar;C:\Users\rawat\.m2\repository\io\ktor\ktor-http\2.3.2\ktor-http-2.3.2.jar;C:\Users\rawat\.m2\repository\io\ktor\ktor-serialization\2.3.2\ktor-serialization-2.3.2.jar;C:\Users\rawat\.m2\repository\io\ktor\ktor-websockets\2.3.2\ktor-websockets-2.3.2.jar;C:\Users\rawat\.m2\repository\io\ktor\ktor-events\2.3.2\ktor-events-2.3.2.jar;C:\Users\rawat\.m2\repository\com\github\mifmif\generex\1.0.2\generex-1.0.2.jar;C:\Users\rawat\.m2\repository\commons-io\commons-io\2.11.0\commons-io-2.11.0.jar;C:\Users\rawat\.m2\repository\org\apache\commons\commons-text\1.10.0\commons-text-1.10.0.jar;C:\Users\rawat\.m2\repository\org\apache\tika\tika-core\2.7.0\tika-core-2.7.0.jar;C:\Users\rawat\.m2\repository\org\jetbrains\kotlin\kotlin-stdlib\1.8.21\kotlin-stdlib-1.8.21.jar;C:\Users\rawat\.m2\repository\org\jetbrains\kotlin\kotlin-stdlib-common\1.8.21\kotlin-stdlib-common-1.8.21.jar;C:\Users\rawat\.m2\repository\org\jetbrains\annotations\13.0\annotations-13.0.jar;C:\Users\rawat\.m2\repository\org\jetbrains\kotlin\kotlin-reflect\1.8.21\kotlin-reflect-1.8.21.jar;C:\Users\rawat\.m2\repository\au\com\dius\pact\provider\junit5\4.6.6\junit5-4.6.6.jar;C:\Users\rawat\.m2\repository\au\com\dius\pact\provider\4.6.6\provider-4.6.6.jar;C:\Users\rawat\.m2\repository\io\github\classgraph\classgraph\4.8.129\classgraph-4.8.129.jar;C:\Users\rawat\.m2\repository\com\github\ajalt\mordant\1.2.1\mordant-1.2.1.jar;C:\Users\rawat\.m2\repository\com\github\ajalt\colormath\1.2.0\colormath-1.2.0.jar;C:\Users\rawat\.m2\repository\com\vladsch\flexmark\flexmark\0.62.2\flexmark-0.62.2.jar;C:\Users\rawat\.m2\repository\com\vladsch\flexmark\flexmark-util-ast\0.62.2\flexmark-util-ast-0.62.2.jar;C:\Users\rawat\.m2\repository\com\vladsch\flexmark\flexmark-util-builder\0.62.2\flexmark-util-builder-0.62.2.jar;C:\Users\rawat\.m2\repository\com\vladsch\flexmark\flexmark-util-collection\0.62.2\flexmark-util-collection-0.62.2.jar;C:\Users\rawat\.m2\repository\com\vladsch\flexmark\flexmark-util-data\0.62.2\flexmark-util-data-0.62.2.jar;C:\Users\rawat\.m2\repository\com\vladsch\flexmark\flexmark-util-dependency\0.62.2\flexmark-util-dependency-0.62.2.jar;C:\Users\rawat\.m2\repository\com\vladsch\flexmark\flexmark-util-format\0.62.2\flexmark-util-format-0.62.2.jar;C:\Users\rawat\.m2\repository\com\vladsch\flexmark\flexmark-util-html\0.62.2\flexmark-util-html-0.62.2.jar;C:\Users\rawat\.m2\repository\com\vladsch\flexmark\flexmark-util-misc\0.62.2\flexmark-util-misc-0.62.2.jar;C:\Users\rawat\.m2\repository\com\vladsch\flexmark\flexmark-util-sequence\0.62.2\flexmark-util-sequence-0.62.2.jar;C:\Users\rawat\.m2\repository\com\vladsch\flexmark\flexmark-util-visitor\0.62.2\flexmark-util-visitor-0.62.2.jar;C:\Users\rawat\.m2\repository\com\vladsch\flexmark\flexmark-ext-tables\0.62.2\flexmark-ext-tables-0.62.2.jar;C:\Users\rawat\.m2\repository\com\vladsch\flexmark\flexmark-util\0.62.2\flexmark-util-0.62.2.jar;C:\Users\rawat\.m2\repository\com\vladsch\flexmark\flexmark-util-options\0.62.2\flexmark-util-options-0.62.2.jar;C:\Users\rawat\.m2\repository\au\com\dius\pact\core\support\4.6.6\support-4.6.6.jar;C:\Users\rawat\.m2\repository\io\github\microutils\kotlin-logging-jvm\3.0.4\kotlin-logging-jvm-3.0.4.jar;C:\Users\rawat\.m2\repository\io\github\oshai\kotlin-logging-jvm\5.0.0\kotlin-logging-jvm-5.0.0.jar;C:\Users\rawat\.m2\repository\commons-codec\commons-codec\1.15\commons-codec-1.15.jar;C:\Users\rawat\.m2\repository\au\com\dius\pact\core\pactbroker\4.6.6\pactbroker-4.6.6.jar;C:\Users\rawat\.m2\repository\com\google\guava\guava\31.1-jre\guava-31.1-jre.jar;C:\Users\rawat\.m2\repository\com\google\guava\failureaccess\1.0.1\failureaccess-1.0.1.jar;C:\Users\rawat\.m2\repository\com\google\guava\listenablefuture\9999.0-empty-to-avoid-conflict-with-guava\listenablefuture-9999.0-empty-to-avoid-conflict-with-guava.jar;C:\Users\rawat\.m2\repository\com\google\code\findbugs\jsr305\3.0.2\jsr305-3.0.2.jar;C:\Users\rawat\.m2\repository\org\checkerframework\checker-qual\3.12.0\checker-qual-3.12.0.jar;C:\Users\rawat\.m2\repository\com\google\errorprone\error_prone_annotations\2.11.0\error_prone_annotations-2.11.0.jar;C:\Users\rawat\.m2\repository\com\google\j2objc\j2objc-annotations\1.3\j2objc-annotations-1.3.jar;C:\Users\rawat\.m2\repository\au\com\dius\pact\core\model\4.6.6\model-4.6.6.jar;C:\Users\rawat\.m2\repository\io\ktor\ktor-http-jvm\2.3.2\ktor-http-jvm-2.3.2.jar;C:\Users\rawat\.m2\repository\org\jetbrains\kotlin\kotlin-stdlib-jdk7\1.8.21\kotlin-stdlib-jdk7-1.8.21.jar;C:\Users\rawat\.m2\repository\org\jetbrains\kotlinx\kotlinx-coroutines-jdk8\1.7.3\kotlinx-coroutines-jdk8-1.7.3.jar;C:\Users\rawat\.m2\repository\org\jetbrains\kotlinx\kotlinx-coroutines-core-jvm\1.7.3\kotlinx-coroutines-core-jvm-1.7.3.jar;C:\Users\rawat\.m2\repository\io\ktor\ktor-utils-jvm\2.3.2\ktor-utils-jvm-2.3.2.jar;C:\Users\rawat\.m2\repository\io\ktor\ktor-io-jvm\2.3.2\ktor-io-jvm-2.3.2.jar;C:\Users\rawat\.m2\repository\commons-beanutils\commons-beanutils\1.9.4\commons-beanutils-1.9.4.jar;C:\Users\rawat\.m2\repository\commons-logging\commons-logging\1.2\commons-logging-1.2.jar;C:\Users\rawat\.m2\repository\commons-collections\commons-collections\3.2.2\commons-collections-3.2.2.jar;C:\Users\rawat\.m2\repository\io\pact\plugin\driver\core\0.4.1\core-0.4.1.jar;C:\Users\rawat\.m2\repository\com\vdurmont\semver4j\3.1.0\semver4j-3.1.0.jar;C:\Users\rawat\.m2\repository\io\grpc\grpc-protobuf\1.56.1\grpc-protobuf-1.56.1.jar;C:\Users\rawat\.m2\repository\io\grpc\grpc-api\1.56.1\grpc-api-1.56.1.jar;C:\Users\rawat\.m2\repository\io\grpc\grpc-context\1.56.1\grpc-context-1.56.1.jar;C:\Users\rawat\.m2\repository\com\google\protobuf\protobuf-java\3.23.4\protobuf-java-3.23.4.jar;C:\Users\rawat\.m2\repository\com\google\api\grpc\proto-google-common-protos\2.17.0\proto-google-common-protos-2.17.0.jar;C:\Users\rawat\.m2\repository\io\grpc\grpc-protobuf-lite\1.56.1\grpc-protobuf-lite-1.56.1.jar;C:\Users\rawat\.m2\repository\io\grpc\grpc-stub\1.56.1\grpc-stub-1.56.1.jar;C:\Users\rawat\.m2\repository\io\grpc\grpc-netty\1.56.1\grpc-netty-1.56.1.jar;C:\Users\rawat\.m2\repository\io\grpc\grpc-core\1.56.1\grpc-core-1.56.1.jar;C:\Users\rawat\.m2\repository\com\google\android\annotations\4.1.1.4\annotations-4.1.1.4.jar;C:\Users\rawat\.m2\repository\org\codehaus\mojo\animal-sniffer-annotations\1.23\animal-sniffer-annotations-1.23.jar;C:\Users\rawat\.m2\repository\io\perfmark\perfmark-api\0.26.0\perfmark-api-0.26.0.jar;C:\Users\rawat\.m2\repository\javax\annotation\javax.annotation-api\1.3.2\javax.annotation-api-1.3.2.jar;C:\Users\rawat\.m2\repository\javax\json\javax.json-api\1.1.4\javax.json-api-1.1.4.jar;C:\Users\rawat\.m2\repository\org\glassfish\javax.json\1.1.4\javax.json-1.1.4.jar;C:\Users\rawat\.m2\repository\com\moandjiezana\toml\toml4j\0.7.2\toml4j-0.7.2.jar;C:\Users\rawat\.m2\repository\com\google\code\gson\gson\2.8.1\gson-2.8.1.jar;C:\Users\rawat\.m2\repository\org\rauschig\jarchivelib\1.2.0\jarchivelib-1.2.0.jar;C:\Users\rawat\.m2\repository\org\apache\commons\commons-compress\1.21\commons-compress-1.21.jar;C:\Users\rawat\.m2\repository\com\michael-bull\kotlin-result\kotlin-result-jvm\1.1.14\kotlin-result-jvm-1.1.14.jar;C:\Users\rawat\.m2\repository\org\jetbrains\kotlin\kotlin-stdlib-jdk8\1.8.21\kotlin-stdlib-jdk8-1.8.21.jar;C:\Users\rawat\.m2\repository\org\assertj\assertj-core\3.24.2\assertj-core-3.24.2.jar;C:\Users\rawat\.m2\repository\au\com\dius\pact\provider\spring\4.6.6\spring-4.6.6.jar;C:\Users\rawat\.m2\repository\au\com\dius\pact\provider\junit\4.6.6\junit-4.6.6.jar;C:\Users\rawat\.m2\repository\junit\junit\4.13.2\junit-4.13.2.jar;C:\Users\rawat\.m2\repository\org\hamcrest\hamcrest-core\1.3\hamcrest-core-1.3.jar;C:\Users\rawat\.m2\repository\org\jooq\jool\0.9.14\jool-0.9.14.jar;C:\Users\rawat\.m2\repository\com\github\rholder\guava-retrying\2.0.0\guava-retrying-2.0.0.jar;C:\Users\rawat\.m2\repository\org\apache\groovy\groovy\4.0.13\groovy-4.0.13.jar;C:\Users\rawat\.m2\repository\org\springframework\boot\spring-boot-starter-test\2.5.14\spring-boot-starter-test-2.5.14.jar;C:\Users\rawat\.m2\repository\org\springframework\boot\spring-boot-starter\3.1.3\spring-boot-starter-3.1.3.jar;C:\Users\rawat\.m2\repository\org\springframework\boot\spring-boot\3.1.3\spring-boot-3.1.3.jar;C:\Users\rawat\.m2\repository\org\springframework\boot\spring-boot-autoconfigure\3.1.3\spring-boot-autoconfigure-3.1.3.jar;C:\Users\rawat\.m2\repository\org\springframework\boot\spring-boot-starter-logging\3.1.3\spring-boot-starter-logging-3.1.3.jar;C:\Users\rawat\.m2\repository\org\apache\logging\log4j\log4j-to-slf4j\2.20.0\log4j-to-slf4j-2.20.0.jar;C:\Users\rawat\.m2\repository\org\apache\logging\log4j\log4j-api\2.20.0\log4j-api-2.20.0.jar;C:\Users\rawat\.m2\repository\org\slf4j\jul-to-slf4j\2.0.7\jul-to-slf4j-2.0.7.jar;C:\Users\rawat\.m2\repository\org\yaml\snakeyaml\2.0\snakeyaml-2.0.jar;C:\Users\rawat\.m2\repository\org\springframework\boot\spring-boot-test\2.5.14\spring-boot-test-2.5.14.jar;C:\Users\rawat\.m2\repository\org\springframework\boot\spring-boot-test-autoconfigure\2.5.14\spring-boot-test-autoconfigure-2.5.14.jar;C:\Users\rawat\.m2\repository\com\jayway\jsonpath\json-path\2.5.0\json-path-2.5.0.jar;C:\Users\rawat\.m2\repository\net\minidev\json-smart\2.3\json-smart-2.3.jar;C:\Users\rawat\.m2\repository\net\minidev\accessors-smart\1.2\accessors-smart-1.2.jar;C:\Users\rawat\.m2\repository\org\ow2\asm\asm\5.0.4\asm-5.0.4.jar;C:\Users\rawat\.m2\repository\jakarta\xml\bind\jakarta.xml.bind-api\2.3.3\jakarta.xml.bind-api-2.3.3.jar;C:\Users\rawat\.m2\repository\jakarta\activation\jakarta.activation-api\1.2.2\jakarta.activation-api-1.2.2.jar;C:\Users\rawat\.m2\repository\org\hamcrest\hamcrest\2.2\hamcrest-2.2.jar;C:\Users\rawat\.m2\repository\org\junit\jupiter\junit-jupiter\5.9.3\junit-jupiter-5.9.3.jar;C:\Users\rawat\.m2\repository\org\junit\jupiter\junit-jupiter-params\5.9.3\junit-jupiter-params-5.9.3.jar;C:\Users\rawat\.m2\repository\org\skyscreamer\jsonassert\1.5.0\jsonassert-1.5.0.jar;C:\Users\rawat\.m2\repository\com\vaadin\external\google\android-json\0.0.20131108.vaadin1\android-json-0.0.20131108.vaadin1.jar;C:\Users\rawat\.m2\repository\org\springframework\spring-core\6.0.11\spring-core-6.0.11.jar;C:\Users\rawat\.m2\repository\org\springframework\spring-jcl\6.0.11\spring-jcl-6.0.11.jar;C:\Users\rawat\.m2\repository\org\xmlunit\xmlunit-core\2.8.4\xmlunit-core-2.8.4.jar;C:\Users\rawat\.m2\repository\org\springframework\spring-webmvc\6.0.11\spring-webmvc-6.0.11.jar;C:\Users\rawat\.m2\repository\org\springframework\spring-aop\6.0.11\spring-aop-6.0.11.jar;C:\Users\rawat\.m2\repository\org\springframework\spring-beans\6.0.11\spring-beans-6.0.11.jar;C:\Users\rawat\.m2\repository\org\springframework\spring-context\6.0.11\spring-context-6.0.11.jar;C:\Users\rawat\.m2\repository\org\springframework\spring-expression\6.0.11\spring-expression-6.0.11.jar;C:\Users\rawat\.m2\repository\org\springframework\spring-web\6.0.11\spring-web-6.0.11.jar;C:\Users\rawat\.m2\repository\io\micrometer\micrometer-observation\1.11.1\micrometer-observation-1.11.1.jar;C:\Users\rawat\.m2\repository\io\micrometer\micrometer-commons\1.11.1\micrometer-commons-1.11.1.jar;C:\Users\rawat\.m2\repository\org\springframework\spring-webflux\6.0.11\spring-webflux-6.0.11.jar;C:\Users\rawat\.m2\repository\org\springframework\spring-test\6.0.11\spring-test-6.0.11.jar;C:\Users\rawat\.m2\repository\javax\servlet\javax.servlet-api\3.1.0\javax.servlet-api-3.1.0.jar;C:\Users\rawat\.m2\repository\com\fasterxml\jackson\datatype\jackson-datatype-joda\2.15.2\jackson-datatype-joda-2.15.2.jar;C:\Users\rawat\.m2\repository\com\fasterxml\jackson\core\jackson-databind\2.15.2\jackson-databind-2.15.2.jar;C:\Users\rawat\.m2\repository\joda-time\joda-time\2.10.14\joda-time-2.10.14.jar;C:\Users\rawat\.m2\repository\org\apache\commons\commons-lang3\3.12.0\commons-lang3-3.12.0.jar;C:\Users\rawat\.m2\repository\javax\mail\mail\1.5.0-b01\mail-1.5.0-b01.jar;C:\Users\rawat\.m2\repository\javax\activation\activation\1.1\activation-1.1.jar;C:\Users\rawat\.m2\repository\org\apache\commons\commons-collections4\4.4\commons-collections4-4.4.jar;C:\Users\rawat\.m2\repository\org\synchronoss\cloud\nio-multipart-parser\1.1.0\nio-multipart-parser-1.1.0.jar;C:\Users\rawat\.m2\repository\org\synchronoss\cloud\nio-stream-storage\1.1.3\nio-stream-storage-1.1.3.jar;"/>
    <property name="java.vm.vendor" value="Oracle Corporation"/>
    <property name="sun.arch.data.model" value="64"/>
    <property name="user.variant" value=""/>
    <property name="java.vendor.url" value="https://java.oracle.com/"/>
    <property name="user.timezone" value="Asia/Calcutta"/>
    <property name="os.name" value="Windows 11"/>
    <property name="java.vm.specification.version" value="21"/>
    <property name="sun.java.launcher" value="SUN_STANDARD"/>
    <property name="user.country" value="US"/>
    <property name="sun.boot.library.path" value="C:\Program Files\Java\jdk-21\bin"/>
    <property name="sun.java.command" value="C:\Users\rawat\AppData\Local\Temp\surefire5595390527147694225\surefirebooter-20250317181426434_3.jar C:\Users\rawat\AppData\Local\Temp\surefire5595390527147694225 2025-03-17T18-14-26_211-jvmRun1 surefire-20250317181426434_1tmp surefire_0-20250317181426434_2tmp"/>
    <property name="jdk.debug" value="release"/>
    <property name="surefire.test.class.path" value="C:\Users\rawat\IdeaProjects\creating-your-first-micronaut-app-maven-java\target\test-classes;C:\Users\rawat\IdeaProjects\creating-your-first-micronaut-app-maven-java\target\classes;C:\Users\rawat\.m2\repository\io\micronaut\micronaut-http-server-netty\4.0.6\micronaut-http-server-netty-4.0.6.jar;C:\Users\rawat\.m2\repository\org\slf4j\slf4j-api\2.0.7\slf4j-api-2.0.7.jar;C:\Users\rawat\.m2\repository\io\micronaut\micronaut-http-server\4.0.6\micronaut-http-server-4.0.6.jar;C:\Users\rawat\.m2\repository\io\micronaut\micronaut-http\4.0.6\micronaut-http-4.0.6.jar;C:\Users\rawat\.m2\repository\io\micronaut\micronaut-core-reactive\4.0.6\micronaut-core-reactive-4.0.6.jar;C:\Users\rawat\.m2\repository\io\micronaut\micronaut-context-propagation\4.0.6\micronaut-context-propagation-4.0.6.jar;C:\Users\rawat\.m2\repository\io\micronaut\micronaut-router\4.0.6\micronaut-router-4.0.6.jar;C:\Users\rawat\.m2\repository\io\micronaut\micronaut-core\4.0.6\micronaut-core-4.0.6.jar;C:\Users\rawat\.m2\repository\io\micronaut\micronaut-http-netty\4.0.6\micronaut-http-netty-4.0.6.jar;C:\Users\rawat\.m2\repository\io\micronaut\micronaut-buffer-netty\4.0.6\micronaut-buffer-netty-4.0.6.jar;C:\Users\rawat\.m2\repository\io\netty\netty-codec-http2\4.1.96.Final\netty-codec-http2-4.1.96.Final.jar;C:\Users\rawat\.m2\repository\io\netty\netty-handler\4.1.96.Final\netty-handler-4.1.96.Final.jar;C:\Users\rawat\.m2\repository\io\netty\netty-resolver\4.1.96.Final\netty-resolver-4.1.96.Final.jar;C:\Users\rawat\.m2\repository\io\netty\netty-transport-native-unix-common\4.1.96.Final\netty-transport-native-unix-common-4.1.96.Final.jar;C:\Users\rawat\.m2\repository\io\netty\netty-codec-http\4.1.96.Final\netty-codec-http-4.1.96.Final.jar;C:\Users\rawat\.m2\repository\io\netty\netty-common\4.1.96.Final\netty-common-4.1.96.Final.jar;C:\Users\rawat\.m2\repository\io\netty\netty-buffer\4.1.96.Final\netty-buffer-4.1.96.Final.jar;C:\Users\rawat\.m2\repository\io\netty\netty-transport\4.1.96.Final\netty-transport-4.1.96.Final.jar;C:\Users\rawat\.m2\repository\io\netty\netty-codec\4.1.96.Final\netty-codec-4.1.96.Final.jar;C:\Users\rawat\.m2\repository\io\projectreactor\reactor-core\3.5.9\reactor-core-3.5.9.jar;C:\Users\rawat\.m2\repository\org\reactivestreams\reactive-streams\1.0.4\reactive-streams-1.0.4.jar;C:\Users\rawat\.m2\repository\io\micronaut\serde\micronaut-serde-jackson\2.0.2\micronaut-serde-jackson-2.0.2.jar;C:\Users\rawat\.m2\repository\io\micronaut\micronaut-inject\4.0.6\micronaut-inject-4.0.6.jar;C:\Users\rawat\.m2\repository\jakarta\inject\jakarta.inject-api\2.0.1\jakarta.inject-api-2.0.1.jar;C:\Users\rawat\.m2\repository\jakarta\annotation\jakarta.annotation-api\2.1.1\jakarta.annotation-api-2.1.1.jar;C:\Users\rawat\.m2\repository\io\micronaut\micronaut-jackson-core\4.0.6\micronaut-jackson-core-4.0.6.jar;C:\Users\rawat\.m2\repository\io\micronaut\micronaut-json-core\4.0.6\micronaut-json-core-4.0.6.jar;C:\Users\rawat\.m2\repository\com\fasterxml\jackson\core\jackson-core\2.15.2\jackson-core-2.15.2.jar;C:\Users\rawat\.m2\repository\com\fasterxml\jackson\core\jackson-annotations\2.15.2\jackson-annotations-2.15.2.jar;C:\Users\rawat\.m2\repository\io\micronaut\micronaut-context\4.0.6\micronaut-context-4.0.6.jar;C:\Users\rawat\.m2\repository\io\micronaut\micronaut-aop\4.0.6\micronaut-aop-4.0.6.jar;C:\Users\rawat\.m2\repository\io\micronaut\serde\micronaut-serde-api\2.0.2\micronaut-serde-api-2.0.2.jar;C:\Users\rawat\.m2\repository\io\micronaut\serde\micronaut-serde-support\2.0.2\micronaut-serde-support-2.0.2.jar;C:\Users\rawat\.m2\repository\ch\qos\logback\logback-classic\1.4.8\logback-classic-1.4.8.jar;C:\Users\rawat\.m2\repository\ch\qos\logback\logback-core\1.4.8\logback-core-1.4.8.jar;C:\Users\rawat\.m2\repository\io\micronaut\micronaut-http-client\4.0.6\micronaut-http-client-4.0.6.jar;C:\Users\rawat\.m2\repository\io\micronaut\micronaut-http-client-core\4.0.6\micronaut-http-client-core-4.0.6.jar;C:\Users\rawat\.m2\repository\io\micronaut\micronaut-discovery-core\4.0.6\micronaut-discovery-core-4.0.6.jar;C:\Users\rawat\.m2\repository\io\micronaut\micronaut-websocket\4.0.6\micronaut-websocket-4.0.6.jar;C:\Users\rawat\.m2\repository\io\netty\netty-handler-proxy\4.1.96.Final\netty-handler-proxy-4.1.96.Final.jar;C:\Users\rawat\.m2\repository\io\netty\netty-codec-socks\4.1.96.Final\netty-codec-socks-4.1.96.Final.jar;C:\Users\rawat\.m2\repository\io\micronaut\test\micronaut-test-junit5\4.0.1\micronaut-test-junit5-4.0.1.jar;C:\Users\rawat\.m2\repository\io\micronaut\test\micronaut-test-core\4.0.1\micronaut-test-core-4.0.1.jar;C:\Users\rawat\.m2\repository\org\junit\jupiter\junit-jupiter-api\5.9.3\junit-jupiter-api-5.9.3.jar;C:\Users\rawat\.m2\repository\org\opentest4j\opentest4j\1.2.0\opentest4j-1.2.0.jar;C:\Users\rawat\.m2\repository\org\junit\platform\junit-platform-commons\1.9.3\junit-platform-commons-1.9.3.jar;C:\Users\rawat\.m2\repository\org\apiguardian\apiguardian-api\1.1.2\apiguardian-api-1.1.2.jar;C:\Users\rawat\.m2\repository\org\junit\jupiter\junit-jupiter-engine\5.9.3\junit-jupiter-engine-5.9.3.jar;C:\Users\rawat\.m2\repository\org\junit\platform\junit-platform-engine\1.9.3\junit-platform-engine-1.9.3.jar;C:\Users\rawat\.m2\repository\org\mockito\mockito-core\5.16.0\mockito-core-5.16.0.jar;C:\Users\rawat\.m2\repository\net\bytebuddy\byte-buddy\1.15.11\byte-buddy-1.15.11.jar;C:\Users\rawat\.m2\repository\net\bytebuddy\byte-buddy-agent\1.15.11\byte-buddy-agent-1.15.11.jar;C:\Users\rawat\.m2\repository\org\objenesis\objenesis\3.3\objenesis-3.3.jar;C:\Users\rawat\.m2\repository\org\mockito\mockito-junit-jupiter\5.7.0\mockito-junit-jupiter-5.7.0.jar;C:\Users\rawat\.m2\repository\org\mockito\mockito-inline\5.2.0\mockito-inline-5.2.0.jar;C:\Users\rawat\.m2\repository\au\com\dius\pact\consumer\junit5\4.6.6\junit5-4.6.6.jar;C:\Users\rawat\.m2\repository\au\com\dius\pact\consumer\4.6.6\consumer-4.6.6.jar;C:\Users\rawat\.m2\repository\au\com\dius\pact\core\matchers\4.6.6\matchers-4.6.6.jar;C:\Users\rawat\.m2\repository\io\github\java-diff-utils\java-diff-utils\4.12\java-diff-utils-4.12.jar;C:\Users\rawat\.m2\repository\org\atteo\evo-inflector\1.3\evo-inflector-1.3.jar;C:\Users\rawat\.m2\repository\com\github\zafarkhaja\java-semver\0.9.0\java-semver-0.9.0.jar;C:\Users\rawat\.m2\repository\org\apache\httpcomponents\client5\httpclient5\5.2.1\httpclient5-5.2.1.jar;C:\Users\rawat\.m2\repository\org\apache\httpcomponents\core5\httpcore5\5.2\httpcore5-5.2.jar;C:\Users\rawat\.m2\repository\org\apache\httpcomponents\core5\httpcore5-h2\5.2\httpcore5-h2-5.2.jar;C:\Users\rawat\.m2\repository\org\json\json\20230618\json-20230618.jar;C:\Users\rawat\.m2\repository\org\apache\httpcomponents\client5\httpclient5-fluent\5.2.1\httpclient5-fluent-5.2.1.jar;C:\Users\rawat\.m2\repository\com\googlecode\java-diff-utils\diffutils\1.3.0\diffutils-1.3.0.jar;C:\Users\rawat\.m2\repository\dk\brics\automaton\automaton\1.11-8\automaton-1.11-8.jar;C:\Users\rawat\.m2\repository\io\ktor\ktor-server-netty\2.3.2\ktor-server-netty-2.3.2.jar;C:\Users\rawat\.m2\repository\org\jetbrains\kotlinx\kotlinx-coroutines-core\1.7.3\kotlinx-coroutines-core-1.7.3.jar;C:\Users\rawat\.m2\repository\io\ktor\ktor-network-tls-certificates\2.3.2\ktor-network-tls-certificates-2.3.2.jar;C:\Users\rawat\.m2\repository\io\ktor\ktor-server-call-logging\2.3.2\ktor-server-call-logging-2.3.2.jar;C:\Users\rawat\.m2\repository\io\ktor\ktor-server-core\2.3.2\ktor-server-core-2.3.2.jar;C:\Users\rawat\.m2\repository\org\jetbrains\kotlinx\atomicfu\0.19.0\atomicfu-0.19.0.jar;C:\Users\rawat\.m2\repository\org\jetbrains\kotlinx\atomicfu-jvm\0.19.0\atomicfu-jvm-0.19.0.jar;C:\Users\rawat\.m2\repository\io\ktor\ktor-utils\2.3.2\ktor-utils-2.3.2.jar;C:\Users\rawat\.m2\repository\io\ktor\ktor-io\2.3.2\ktor-io-2.3.2.jar;C:\Users\rawat\.m2\repository\io\ktor\ktor-http\2.3.2\ktor-http-2.3.2.jar;C:\Users\rawat\.m2\repository\io\ktor\ktor-serialization\2.3.2\ktor-serialization-2.3.2.jar;C:\Users\rawat\.m2\repository\io\ktor\ktor-websockets\2.3.2\ktor-websockets-2.3.2.jar;C:\Users\rawat\.m2\repository\io\ktor\ktor-events\2.3.2\ktor-events-2.3.2.jar;C:\Users\rawat\.m2\repository\com\github\mifmif\generex\1.0.2\generex-1.0.2.jar;C:\Users\rawat\.m2\repository\commons-io\commons-io\2.11.0\commons-io-2.11.0.jar;C:\Users\rawat\.m2\repository\org\apache\commons\commons-text\1.10.0\commons-text-1.10.0.jar;C:\Users\rawat\.m2\repository\org\apache\tika\tika-core\2.7.0\tika-core-2.7.0.jar;C:\Users\rawat\.m2\repository\org\jetbrains\kotlin\kotlin-stdlib\1.8.21\kotlin-stdlib-1.8.21.jar;C:\Users\rawat\.m2\repository\org\jetbrains\kotlin\kotlin-stdlib-common\1.8.21\kotlin-stdlib-common-1.8.21.jar;C:\Users\rawat\.m2\repository\org\jetbrains\annotations\13.0\annotations-13.0.jar;C:\Users\rawat\.m2\repository\org\jetbrains\kotlin\kotlin-reflect\1.8.21\kotlin-reflect-1.8.21.jar;C:\Users\rawat\.m2\repository\au\com\dius\pact\provider\junit5\4.6.6\junit5-4.6.6.jar;C:\Users\rawat\.m2\repository\au\com\dius\pact\provider\4.6.6\provider-4.6.6.jar;C:\Users\rawat\.m2\repository\io\github\classgraph\classgraph\4.8.129\classgraph-4.8.129.jar;C:\Users\rawat\.m2\repository\com\github\ajalt\mordant\1.2.1\mordant-1.2.1.jar;C:\Users\rawat\.m2\repository\com\github\ajalt\colormath\1.2.0\colormath-1.2.0.jar;C:\Users\rawat\.m2\repository\com\vladsch\flexmark\flexmark\0.62.2\flexmark-0.62.2.jar;C:\Users\rawat\.m2\repository\com\vladsch\flexmark\flexmark-util-ast\0.62.2\flexmark-util-ast-0.62.2.jar;C:\Users\rawat\.m2\repository\com\vladsch\flexmark\flexmark-util-builder\0.62.2\flexmark-util-builder-0.62.2.jar;C:\Users\rawat\.m2\repository\com\vladsch\flexmark\flexmark-util-collection\0.62.2\flexmark-util-collection-0.62.2.jar;C:\Users\rawat\.m2\repository\com\vladsch\flexmark\flexmark-util-data\0.62.2\flexmark-util-data-0.62.2.jar;C:\Users\rawat\.m2\repository\com\vladsch\flexmark\flexmark-util-dependency\0.62.2\flexmark-util-dependency-0.62.2.jar;C:\Users\rawat\.m2\repository\com\vladsch\flexmark\flexmark-util-format\0.62.2\flexmark-util-format-0.62.2.jar;C:\Users\rawat\.m2\repository\com\vladsch\flexmark\flexmark-util-html\0.62.2\flexmark-util-html-0.62.2.jar;C:\Users\rawat\.m2\repository\com\vladsch\flexmark\flexmark-util-misc\0.62.2\flexmark-util-misc-0.62.2.jar;C:\Users\rawat\.m2\repository\com\vladsch\flexmark\flexmark-util-sequence\0.62.2\flexmark-util-sequence-0.62.2.jar;C:\Users\rawat\.m2\repository\com\vladsch\flexmark\flexmark-util-visitor\0.62.2\flexmark-util-visitor-0.62.2.jar;C:\Users\rawat\.m2\repository\com\vladsch\flexmark\flexmark-ext-tables\0.62.2\flexmark-ext-tables-0.62.2.jar;C:\Users\rawat\.m2\repository\com\vladsch\flexmark\flexmark-util\0.62.2\flexmark-util-0.62.2.jar;C:\Users\rawat\.m2\repository\com\vladsch\flexmark\flexmark-util-options\0.62.2\flexmark-util-options-0.62.2.jar;C:\Users\rawat\.m2\repository\au\com\dius\pact\core\support\4.6.6\support-4.6.6.jar;C:\Users\rawat\.m2\repository\io\github\microutils\kotlin-logging-jvm\3.0.4\kotlin-logging-jvm-3.0.4.jar;C:\Users\rawat\.m2\repository\io\github\oshai\kotlin-logging-jvm\5.0.0\kotlin-logging-jvm-5.0.0.jar;C:\Users\rawat\.m2\repository\commons-codec\commons-codec\1.15\commons-codec-1.15.jar;C:\Users\rawat\.m2\repository\au\com\dius\pact\core\pactbroker\4.6.6\pactbroker-4.6.6.jar;C:\Users\rawat\.m2\repository\com\google\guava\guava\31.1-jre\guava-31.1-jre.jar;C:\Users\rawat\.m2\repository\com\google\guava\failureaccess\1.0.1\failureaccess-1.0.1.jar;C:\Users\rawat\.m2\repository\com\google\guava\listenablefuture\9999.0-empty-to-avoid-conflict-with-guava\listenablefuture-9999.0-empty-to-avoid-conflict-with-guava.jar;C:\Users\rawat\.m2\repository\com\google\code\findbugs\jsr305\3.0.2\jsr305-3.0.2.jar;C:\Users\rawat\.m2\repository\org\checkerframework\checker-qual\3.12.0\checker-qual-3.12.0.jar;C:\Users\rawat\.m2\repository\com\google\errorprone\error_prone_annotations\2.11.0\error_prone_annotations-2.11.0.jar;C:\Users\rawat\.m2\repository\com\google\j2objc\j2objc-annotations\1.3\j2objc-annotations-1.3.jar;C:\Users\rawat\.m2\repository\au\com\dius\pact\core\model\4.6.6\model-4.6.6.jar;C:\Users\rawat\.m2\repository\io\ktor\ktor-http-jvm\2.3.2\ktor-http-jvm-2.3.2.jar;C:\Users\rawat\.m2\repository\org\jetbrains\kotlin\kotlin-stdlib-jdk7\1.8.21\kotlin-stdlib-jdk7-1.8.21.jar;C:\Users\rawat\.m2\repository\org\jetbrains\kotlinx\kotlinx-coroutines-jdk8\1.7.3\kotlinx-coroutines-jdk8-1.7.3.jar;C:\Users\rawat\.m2\repository\org\jetbrains\kotlinx\kotlinx-coroutines-core-jvm\1.7.3\kotlinx-coroutines-core-jvm-1.7.3.jar;C:\Users\rawat\.m2\repository\io\ktor\ktor-utils-jvm\2.3.2\ktor-utils-jvm-2.3.2.jar;C:\Users\rawat\.m2\repository\io\ktor\ktor-io-jvm\2.3.2\ktor-io-jvm-2.3.2.jar;C:\Users\rawat\.m2\repository\commons-beanutils\commons-beanutils\1.9.4\commons-beanutils-1.9.4.jar;C:\Users\rawat\.m2\repository\commons-logging\commons-logging\1.2\commons-logging-1.2.jar;C:\Users\rawat\.m2\repository\commons-collections\commons-collections\3.2.2\commons-collections-3.2.2.jar;C:\Users\rawat\.m2\repository\io\pact\plugin\driver\core\0.4.1\core-0.4.1.jar;C:\Users\rawat\.m2\repository\com\vdurmont\semver4j\3.1.0\semver4j-3.1.0.jar;C:\Users\rawat\.m2\repository\io\grpc\grpc-protobuf\1.56.1\grpc-protobuf-1.56.1.jar;C:\Users\rawat\.m2\repository\io\grpc\grpc-api\1.56.1\grpc-api-1.56.1.jar;C:\Users\rawat\.m2\repository\io\grpc\grpc-context\1.56.1\grpc-context-1.56.1.jar;C:\Users\rawat\.m2\repository\com\google\protobuf\protobuf-java\3.23.4\protobuf-java-3.23.4.jar;C:\Users\rawat\.m2\repository\com\google\api\grpc\proto-google-common-protos\2.17.0\proto-google-common-protos-2.17.0.jar;C:\Users\rawat\.m2\repository\io\grpc\grpc-protobuf-lite\1.56.1\grpc-protobuf-lite-1.56.1.jar;C:\Users\rawat\.m2\repository\io\grpc\grpc-stub\1.56.1\grpc-stub-1.56.1.jar;C:\Users\rawat\.m2\repository\io\grpc\grpc-netty\1.56.1\grpc-netty-1.56.1.jar;C:\Users\rawat\.m2\repository\io\grpc\grpc-core\1.56.1\grpc-core-1.56.1.jar;C:\Users\rawat\.m2\repository\com\google\android\annotations\4.1.1.4\annotations-4.1.1.4.jar;C:\Users\rawat\.m2\repository\org\codehaus\mojo\animal-sniffer-annotations\1.23\animal-sniffer-annotations-1.23.jar;C:\Users\rawat\.m2\repository\io\perfmark\perfmark-api\0.26.0\perfmark-api-0.26.0.jar;C:\Users\rawat\.m2\repository\javax\annotation\javax.annotation-api\1.3.2\javax.annotation-api-1.3.2.jar;C:\Users\rawat\.m2\repository\javax\json\javax.json-api\1.1.4\javax.json-api-1.1.4.jar;C:\Users\rawat\.m2\repository\org\glassfish\javax.json\1.1.4\javax.json-1.1.4.jar;C:\Users\rawat\.m2\repository\com\moandjiezana\toml\toml4j\0.7.2\toml4j-0.7.2.jar;C:\Users\rawat\.m2\repository\com\google\code\gson\gson\2.8.1\gson-2.8.1.jar;C:\Users\rawat\.m2\repository\org\rauschig\jarchivelib\1.2.0\jarchivelib-1.2.0.jar;C:\Users\rawat\.m2\repository\org\apache\commons\commons-compress\1.21\commons-compress-1.21.jar;C:\Users\rawat\.m2\repository\com\michael-bull\kotlin-result\kotlin-result-jvm\1.1.14\kotlin-result-jvm-1.1.14.jar;C:\Users\rawat\.m2\repository\org\jetbrains\kotlin\kotlin-stdlib-jdk8\1.8.21\kotlin-stdlib-jdk8-1.8.21.jar;C:\Users\rawat\.m2\repository\org\assertj\assertj-core\3.24.2\assertj-core-3.24.2.jar;C:\Users\rawat\.m2\repository\au\com\dius\pact\provider\spring\4.6.6\spring-4.6.6.jar;C:\Users\rawat\.m2\repository\au\com\dius\pact\provider\junit\4.6.6\junit-4.6.6.jar;C:\Users\rawat\.m2\repository\junit\junit\4.13.2\junit-4.13.2.jar;C:\Users\rawat\.m2\repository\org\hamcrest\hamcrest-core\1.3\hamcrest-core-1.3.jar;C:\Users\rawat\.m2\repository\org\jooq\jool\0.9.14\jool-0.9.14.jar;C:\Users\rawat\.m2\repository\com\github\rholder\guava-retrying\2.0.0\guava-retrying-2.0.0.jar;C:\Users\rawat\.m2\repository\org\apache\groovy\groovy\4.0.13\groovy-4.0.13.jar;C:\Users\rawat\.m2\repository\org\springframework\boot\spring-boot-starter-test\2.5.14\spring-boot-starter-test-2.5.14.jar;C:\Users\rawat\.m2\repository\org\springframework\boot\spring-boot-starter\3.1.3\spring-boot-starter-3.1.3.jar;C:\Users\rawat\.m2\repository\org\springframework\boot\spring-boot\3.1.3\spring-boot-3.1.3.jar;C:\Users\rawat\.m2\repository\org\springframework\boot\spring-boot-autoconfigure\3.1.3\spring-boot-autoconfigure-3.1.3.jar;C:\Users\rawat\.m2\repository\org\springframework\boot\spring-boot-starter-logging\3.1.3\spring-boot-starter-logging-3.1.3.jar;C:\Users\rawat\.m2\repository\org\apache\logging\log4j\log4j-to-slf4j\2.20.0\log4j-to-slf4j-2.20.0.jar;C:\Users\rawat\.m2\repository\org\apache\logging\log4j\log4j-api\2.20.0\log4j-api-2.20.0.jar;C:\Users\rawat\.m2\repository\org\slf4j\jul-to-slf4j\2.0.7\jul-to-slf4j-2.0.7.jar;C:\Users\rawat\.m2\repository\org\yaml\snakeyaml\2.0\snakeyaml-2.0.jar;C:\Users\rawat\.m2\repository\org\springframework\boot\spring-boot-test\2.5.14\spring-boot-test-2.5.14.jar;C:\Users\rawat\.m2\repository\org\springframework\boot\spring-boot-test-autoconfigure\2.5.14\spring-boot-test-autoconfigure-2.5.14.jar;C:\Users\rawat\.m2\repository\com\jayway\jsonpath\json-path\2.5.0\json-path-2.5.0.jar;C:\Users\rawat\.m2\repository\net\minidev\json-smart\2.3\json-smart-2.3.jar;C:\Users\rawat\.m2\repository\net\minidev\accessors-smart\1.2\accessors-smart-1.2.jar;C:\Users\rawat\.m2\repository\org\ow2\asm\asm\5.0.4\asm-5.0.4.jar;C:\Users\rawat\.m2\repository\jakarta\xml\bind\jakarta.xml.bind-api\2.3.3\jakarta.xml.bind-api-2.3.3.jar;C:\Users\rawat\.m2\repository\jakarta\activation\jakarta.activation-api\1.2.2\jakarta.activation-api-1.2.2.jar;C:\Users\rawat\.m2\repository\org\hamcrest\hamcrest\2.2\hamcrest-2.2.jar;C:\Users\rawat\.m2\repository\org\junit\jupiter\junit-jupiter\5.9.3\junit-jupiter-5.9.3.jar;C:\Users\rawat\.m2\repository\org\junit\jupiter\junit-jupiter-params\5.9.3\junit-jupiter-params-5.9.3.jar;C:\Users\rawat\.m2\repository\org\skyscreamer\jsonassert\1.5.0\jsonassert-1.5.0.jar;C:\Users\rawat\.m2\repository\com\vaadin\external\google\android-json\0.0.20131108.vaadin1\android-json-0.0.20131108.vaadin1.jar;C:\Users\rawat\.m2\repository\org\springframework\spring-core\6.0.11\spring-core-6.0.11.jar;C:\Users\rawat\.m2\repository\org\springframework\spring-jcl\6.0.11\spring-jcl-6.0.11.jar;C:\Users\rawat\.m2\repository\org\xmlunit\xmlunit-core\2.8.4\xmlunit-core-2.8.4.jar;C:\Users\rawat\.m2\repository\org\springframework\spring-webmvc\6.0.11\spring-webmvc-6.0.11.jar;C:\Users\rawat\.m2\repository\org\springframework\spring-aop\6.0.11\spring-aop-6.0.11.jar;C:\Users\rawat\.m2\repository\org\springframework\spring-beans\6.0.11\spring-beans-6.0.11.jar;C:\Users\rawat\.m2\repository\org\springframework\spring-context\6.0.11\spring-context-6.0.11.jar;C:\Users\rawat\.m2\repository\org\springframework\spring-expression\6.0.11\spring-expression-6.0.11.jar;C:\Users\rawat\.m2\repository\org\springframework\spring-web\6.0.11\spring-web-6.0.11.jar;C:\Users\rawat\.m2\repository\io\micrometer\micrometer-observation\1.11.1\micrometer-observation-1.11.1.jar;C:\Users\rawat\.m2\repository\io\micrometer\micrometer-commons\1.11.1\micrometer-commons-1.11.1.jar;C:\Users\rawat\.m2\repository\org\springframework\spring-webflux\6.0.11\spring-webflux-6.0.11.jar;C:\Users\rawat\.m2\repository\org\springframework\spring-test\6.0.11\spring-test-6.0.11.jar;C:\Users\rawat\.m2\repository\javax\servlet\javax.servlet-api\3.1.0\javax.servlet-api-3.1.0.jar;C:\Users\rawat\.m2\repository\com\fasterxml\jackson\datatype\jackson-datatype-joda\2.15.2\jackson-datatype-joda-2.15.2.jar;C:\Users\rawat\.m2\repository\com\fasterxml\jackson\core\jackson-databind\2.15.2\jackson-databind-2.15.2.jar;C:\Users\rawat\.m2\repository\joda-time\joda-time\2.10.14\joda-time-2.10.14.jar;C:\Users\rawat\.m2\repository\org\apache\commons\commons-lang3\3.12.0\commons-lang3-3.12.0.jar;C:\Users\rawat\.m2\repository\javax\mail\mail\1.5.0-b01\mail-1.5.0-b01.jar;C:\Users\rawat\.m2\repository\javax\activation\activation\1.1\activation-1.1.jar;C:\Users\rawat\.m2\repository\org\apache\commons\commons-collections4\4.4\commons-collections4-4.4.jar;C:\Users\rawat\.m2\repository\org\synchronoss\cloud\nio-multipart-parser\1.1.0\nio-multipart-parser-1.1.0.jar;C:\Users\rawat\.m2\repository\org\synchronoss\cloud\nio-stream-storage\1.1.3\nio-stream-storage-1.1.3.jar;"/>
    <property name="sun.cpu.endian" value="little"/>
    <property name="user.home" value="C:\Users\rawat"/>
    <property name="user.language" value="en"/>
    <property name="java.specification.vendor" value="Oracle Corporation"/>
    <property name="io.netty.allocator.maxOrder" value="3"/>
    <property name="java.version.date" value="2024-10-15"/>
    <property name="java.home" value="C:\Program Files\Java\jdk-21"/>
    <property name="file.separator" value="\"/>
    <property name="basedir" value="C:\Users\rawat\IdeaProjects\creating-your-first-micronaut-app-maven-java"/>
    <property name="java.vm.compressedOopsMode" value="32-bit"/>
    <property name="line.separator" value="&#10;"/>
    <property name="java.vm.specification.vendor" value="Oracle Corporation"/>
    <property name="java.specification.name" value="Java Platform API Specification"/>
    <property name="surefire.real.class.path" value="C:\Users\rawat\AppData\Local\Temp\surefire5595390527147694225\surefirebooter-20250317181426434_3.jar"/>
    <property name="user.script" value=""/>
    <property name="sun.management.compiler" value="HotSpot 64-Bit Tiered Compilers"/>
    <property name="java.runtime.version" value="21.0.5+9-LTS-239"/>
    <property name="user.name" value="Shadow"/>
    <property name="stdout.encoding" value="Cp1252"/>
    <property name="path.separator" value=";"/>
    <property name="os.version" value="10.0"/>
    <property name="java.runtime.name" value="Java(TM) SE Runtime Environment"/>
    <property name="file.encoding" value="UTF-8"/>
    <property name="java.vm.name" value="Java HotSpot(TM) 64-Bit Server VM"/>
    <property name="localRepository" value="C:\Users\rawat\.m2\repository"/>
    <property name="micronaut.classloader.logging" value="true"/>
    <property name="java.vendor.url.bug" value="https://bugreport.java.com/bugreport/"/>
    <property name="java.io.tmpdir" value="C:\Users\rawat\AppData\Local\Temp\"/>
    <property name="java.version" value="21.0.5"/>
    <property name="user.dir" value="C:\Users\rawat\IdeaProjects\creating-your-first-micronaut-app-maven-java"/>
    <property name="os.arch" value="amd64"/>
    <property name="java.vm.specification.name" value="Java Virtual Machine Specification"/>
    <property name="sun.os.patch.level" value=""/>
    <property name="native.encoding" value="Cp1252"/>
    <property name="java.library.path" value="C:\Program Files\Java\jdk-21\bin;C:\WINDOWS\Sun\Java\bin;C:\WINDOWS\system32;C:\WINDOWS;C:\Program Files\Microsoft SDKs\Azure\CLI2\wbin;C:\Program Files\Python\Scripts\;C:\Program Files\Python;C:\WINDOWS\system32;C:\WINDOWS;C:\WINDOWS\System32\Wbem;C:\WINDOWS\System32\WindowsPowerShell\v1.0\;C:\WINDOWS\System32\OpenSSH\;C:\MinGW\bin;C:\Users\rawat\Downloads\dartsdk-windows-x64-release\dart-sdk\bin;C:\Program Files (x86)\Microsoft SQL Server\Client SDK\ODBC\110\Tools\Binn\;C:\Program Files (x86)\Microsoft SQL Server\120\Tools\Binn\;C:\Program Files (x86)\Microsoft SQL Server\120\DTS\Binn\;C:\Program Files\Git\cmd;C:\Program Files\PuTTY\;C:\DevTools\apache-maven-3.8.5\bin;C:\Program Files\Amazon\AWSCLIV2\;C:\minikube;C:\Program Files\Docker\Docker\resources\bin;C:\WINDOWS\system32;C:\WINDOWS;C:\WINDOWS\System32\Wbem;C:\WINDOWS\System32\WindowsPowerShell\v1.0\;C:\WINDOWS\System32\OpenSSH\;C:\Program Files\Java\jdk-21\bin;C:\Program Files\nodejs\;C:\Users\rawat\AppData\Roaming\npm;C:\Users\rawat\AppData\Local\Microsoft\WindowsApps;C:\Program Files\Python\Scripts\;C:\Program Files\Python;C:\Program Files\Common Files\Oracle\Java\javapath;C:\WINDOWS\system32;C:\WINDOWS;C:\WINDOWS\System32\Wbem;C:\WINDOWS\System32\WindowsPowerShell\v1.0\;C:\WINDOWS\System32\OpenSSH\;C:\MinGW\bin;C:\Program Files\nodejs\;C:\Program Files (x86)\Microsoft SQL Server\Client SDK\ODBC\110\Tools\Binn\;C:\Program Files (x86)\Microsoft SQL Server\120\Tools\Binn\;C:\Program Files (x86)\Microsoft SQL Server\120\DTS\Binn\;C:\Program Files\Git\cmd;C:\Program Files\PuTTY\;C:\DevTools\apache-maven-3.8.5\bin;C:\Program Files\Amazon\AWSCLIV2\;C:\minikube;C:\Program Files\Docker\Docker\resources\bin;C:\Users\rawat\AppData\Local\Programs\Microsoft VS Code\bin;C:\Program Files\Docker Toolbox;C:\Users\rawat\AppData\Local\Microsoft\WindowsApps;C:\Users\rawat\Downloads\terraform_1.10.3_windows_386;C:\Program Files\aztfexport;C:\Program Files\JetBrains\IntelliJ IDEA Community Edition 2024.3.1.1\bin;;C:\Program Files\PostgreSQL\17\bin;;C:\Users\rawat\Downloads\micronaut-cli-4.7.6\micronaut-cli-4.7.6\bin;;."/>
    <property name="java.vm.info" value="mixed mode, sharing"/>
    <property name="stderr.encoding" value="Cp1252"/>
    <property name="java.vendor" value="Oracle Corporation"/>
    <property name="java.vm.version" value="21.0.5+9-LTS-239"/>
    <property name="sun.io.unicode.encoding" value="UnicodeLittle"/>
    <property name="java.class.version" value="65.0"/>
  </properties>
  <testcase name="validatePactContract(PactVerificationContext)" classname="example.micronaut.pact.provider.ProviderContractTest" time="1.969">
    <error message="No HAL document found at path &apos;http://localhost:9292/pacts/provider/MyCustomProvider/for-verification&apos;" type="au.com.dius.pact.core.pactbroker.NotFoundHalResponse"><![CDATA[au.com.dius.pact.core.pactbroker.NotFoundHalResponse: No HAL document found at path 'http://localhost:9292/pacts/provider/MyCustomProvider/for-verification'
	at au.com.dius.pact.core.pactbroker.HalClient.handleHalResponse(HalClient.kt:344)
	at au.com.dius.pact.core.pactbroker.HalClient.access$handleHalResponse(HalClient.kt:164)
	at au.com.dius.pact.core.pactbroker.HalClient$postJson$3.invoke$lambda$0(HalClient.kt:524)
	at org.apache.hc.client5.http.impl.classic.CloseableHttpClient.execute(CloseableHttpClient.java:247)
	at org.apache.hc.client5.http.impl.classic.CloseableHttpClient.execute(CloseableHttpClient.java:188)
	at au.com.dius.pact.core.pactbroker.HalClient$postJson$3.invoke(HalClient.kt:523)
	at au.com.dius.pact.core.support.KotlinLanguageSupportKt.handleWith(KotlinLanguageSupport.kt:35)
	at au.com.dius.pact.core.pactbroker.HalClient.postJson(HalClient.kt:522)
	at au.com.dius.pact.core.pactbroker.PactBrokerClient$fetchPactsUsingNewEndpoint$2.invoke(PactBrokerClient.kt:591)
	at au.com.dius.pact.core.support.KotlinLanguageSupportKt.handleWith(KotlinLanguageSupport.kt:35)
	at au.com.dius.pact.core.pactbroker.PactBrokerClient.fetchPactsUsingNewEndpoint(PactBrokerClient.kt:590)
	at au.com.dius.pact.core.pactbroker.PactBrokerClient.fetchPactsUsingNewEndpointTyped(PactBrokerClient.kt:546)
	at au.com.dius.pact.core.pactbroker.PactBrokerClient.fetchConsumersWithSelectorsV2(PactBrokerClient.kt:510)
	at au.com.dius.pact.provider.junitsupport.loader.PactBrokerLoader.loadPactsForProvider(PactBrokerLoader.kt:248)
	at au.com.dius.pact.provider.junitsupport.loader.PactBrokerLoader.load(PactBrokerLoader.kt:128)
	at au.com.dius.pact.provider.junit5.PactVerificationInvocationContextProvider$resolvePactSources$pactSources$1$pacts$1.invoke(PactJUnit5VerificationProvider.kt:78)
	at au.com.dius.pact.core.support.KotlinLanguageSupportKt.handleWith(KotlinLanguageSupport.kt:35)
	at au.com.dius.pact.provider.junit5.PactVerificationInvocationContextProvider.resolvePactSources(PactJUnit5VerificationProvider.kt:78)
	at au.com.dius.pact.provider.junit5.PactVerificationInvocationContextProvider.provideTestTemplateInvocationContexts(PactJUnit5VerificationProvider.kt:45)
	at org.junit.jupiter.engine.descriptor.TestTemplateTestDescriptor.lambda$execute$0(TestTemplateTestDescriptor.java:106)
	at java.base/java.util.stream.ReferencePipeline$7$1.accept(ReferencePipeline.java:273)
	at java.base/java.util.ArrayList$ArrayListSpliterator.forEachRemaining(ArrayList.java:1708)
	at java.base/java.util.stream.AbstractPipeline.copyInto(AbstractPipeline.java:509)
	at java.base/java.util.stream.AbstractPipeline.wrapAndCopyInto(AbstractPipeline.java:499)
	at java.base/java.util.stream.ForEachOps$ForEachOp.evaluateSequential(ForEachOps.java:151)
	at java.base/java.util.stream.ForEachOps$ForEachOp$OfRef.evaluateSequential(ForEachOps.java:174)
	at java.base/java.util.stream.AbstractPipeline.evaluate(AbstractPipeline.java:234)
	at java.base/java.util.stream.ReferencePipeline.forEach(ReferencePipeline.java:596)
	at org.junit.jupiter.engine.descriptor.TestTemplateTestDescriptor.execute(TestTemplateTestDescriptor.java:110)
	at org.junit.jupiter.engine.descriptor.TestTemplateTestDescriptor.execute(TestTemplateTestDescriptor.java:44)
	at org.junit.platform.engine.support.hierarchical.NodeTestTask.lambda$executeRecursively$6(NodeTestTask.java:151)
	at org.junit.platform.engine.support.hierarchical.ThrowableCollector.execute(ThrowableCollector.java:73)
	at org.junit.platform.engine.support.hierarchical.NodeTestTask.lambda$executeRecursively$8(NodeTestTask.java:141)
	at org.junit.platform.engine.support.hierarchical.Node.around(Node.java:137)
	at org.junit.platform.engine.support.hierarchical.NodeTestTask.lambda$executeRecursively$9(NodeTestTask.java:139)
	at org.junit.platform.engine.support.hierarchical.ThrowableCollector.execute(ThrowableCollector.java:73)
	at org.junit.platform.engine.support.hierarchical.NodeTestTask.executeRecursively(NodeTestTask.java:138)
	at org.junit.platform.engine.support.hierarchical.NodeTestTask.execute(NodeTestTask.java:95)
	at java.base/java.util.ArrayList.forEach(ArrayList.java:1596)
	at org.junit.platform.engine.support.hierarchical.SameThreadHierarchicalTestExecutorService.invokeAll(SameThreadHierarchicalTestExecutorService.java:41)
	at org.junit.platform.engine.support.hierarchical.NodeTestTask.lambda$executeRecursively$6(NodeTestTask.java:155)
	at org.junit.platform.engine.support.hierarchical.ThrowableCollector.execute(ThrowableCollector.java:73)
	at org.junit.platform.engine.support.hierarchical.NodeTestTask.lambda$executeRecursively$8(NodeTestTask.java:141)
	at org.junit.platform.engine.support.hierarchical.Node.around(Node.java:137)
	at org.junit.platform.engine.support.hierarchical.NodeTestTask.lambda$executeRecursively$9(NodeTestTask.java:139)
	at org.junit.platform.engine.support.hierarchical.ThrowableCollector.execute(ThrowableCollector.java:73)
	at org.junit.platform.engine.support.hierarchical.NodeTestTask.executeRecursively(NodeTestTask.java:138)
	at org.junit.platform.engine.support.hierarchical.NodeTestTask.execute(NodeTestTask.java:95)
	at java.base/java.util.ArrayList.forEach(ArrayList.java:1596)
	at org.junit.platform.engine.support.hierarchical.SameThreadHierarchicalTestExecutorService.invokeAll(SameThreadHierarchicalTestExecutorService.java:41)
	at org.junit.platform.engine.support.hierarchical.NodeTestTask.lambda$executeRecursively$6(NodeTestTask.java:155)
	at org.junit.platform.engine.support.hierarchical.ThrowableCollector.execute(ThrowableCollector.java:73)
	at org.junit.platform.engine.support.hierarchical.NodeTestTask.lambda$executeRecursively$8(NodeTestTask.java:141)
	at org.junit.platform.engine.support.hierarchical.Node.around(Node.java:137)
	at org.junit.platform.engine.support.hierarchical.NodeTestTask.lambda$executeRecursively$9(NodeTestTask.java:139)
	at org.junit.platform.engine.support.hierarchical.ThrowableCollector.execute(ThrowableCollector.java:73)
	at org.junit.platform.engine.support.hierarchical.NodeTestTask.executeRecursively(NodeTestTask.java:138)
	at org.junit.platform.engine.support.hierarchical.NodeTestTask.execute(NodeTestTask.java:95)
	at org.junit.platform.engine.support.hierarchical.SameThreadHierarchicalTestExecutorService.submit(SameThreadHierarchicalTestExecutorService.java:35)
	at org.junit.platform.engine.support.hierarchical.HierarchicalTestExecutor.execute(HierarchicalTestExecutor.java:57)
	at org.junit.platform.engine.support.hierarchical.HierarchicalTestEngine.execute(HierarchicalTestEngine.java:54)
	at org.junit.platform.launcher.core.EngineExecutionOrchestrator.execute(EngineExecutionOrchestrator.java:147)
	at org.junit.platform.launcher.core.EngineExecutionOrchestrator.execute(EngineExecutionOrchestrator.java:127)
	at org.junit.platform.launcher.core.EngineExecutionOrchestrator.execute(EngineExecutionOrchestrator.java:90)
	at org.junit.platform.launcher.core.EngineExecutionOrchestrator.lambda$execute$0(EngineExecutionOrchestrator.java:55)
	at org.junit.platform.launcher.core.EngineExecutionOrchestrator.withInterceptedStreams(EngineExecutionOrchestrator.java:102)
	at org.junit.platform.launcher.core.EngineExecutionOrchestrator.execute(EngineExecutionOrchestrator.java:54)
	at org.junit.platform.launcher.core.DefaultLauncher.execute(DefaultLauncher.java:114)
	at org.junit.platform.launcher.core.DefaultLauncher.execute(DefaultLauncher.java:86)
	at org.junit.platform.launcher.core.DefaultLauncherSession$DelegatingLauncher.execute(DefaultLauncherSession.java:86)
	at org.apache.maven.surefire.junitplatform.LazyLauncher.execute(LazyLauncher.java:56)
	at org.apache.maven.surefire.junitplatform.JUnitPlatformProvider.execute(JUnitPlatformProvider.java:184)
	at org.apache.maven.surefire.junitplatform.JUnitPlatformProvider.invokeAllTests(JUnitPlatformProvider.java:148)
	at org.apache.maven.surefire.junitplatform.JUnitPlatformProvider.invoke(JUnitPlatformProvider.java:122)
	at org.apache.maven.surefire.booter.ForkedBooter.runSuitesInProcess(ForkedBooter.java:385)
	at org.apache.maven.surefire.booter.ForkedBooter.execute(ForkedBooter.java:162)
	at org.apache.maven.surefire.booter.ForkedBooter.run(ForkedBooter.java:507)
	at org.apache.maven.surefire.booter.ForkedBooter.main(ForkedBooter.java:495)
]]></error>
    <system-out><![CDATA[18:14:36.550 [main] INFO  i.m.c.DefaultApplicationContext$RuntimeConfiguredEnvironment - Established active environments: [test]
]]></system-out>
  </testcase>
</testsuite>